<?xml version="1.0" encoding="UTF-8"?>
<!-- Generated by org.testng.reporters.JUnitReportReporter -->
<testsuite skipped="0" hostname="JAVED" name="BasicTest.GetWeather" tests="1" failures="0" timestamp="2020-07-28T21:47:13 EDT" time="4.967" errors="0">
  <testcase name="Getweather" time="4.967" classname="BasicTest.GetWeather"/>
  <system-out/>
</testsuite> <!-- BasicTest.GetWeather -->
