<?xml version="1.0" encoding="UTF-8"?>
<!-- Generated by org.testng.reporters.JUnitReportReporter -->
<testsuite skipped="0" hostname="JAVED" name="BasicTest.GetEmployees" tests="1" failures="0" timestamp="2020-11-13T01:01:28 EST" time="25.058" errors="0">
  <testcase name="getEmployees" time="25.058" classname="BasicTest.GetEmployees"/>
  <system-out/>
</testsuite> <!-- BasicTest.GetEmployees -->
