<?xml version="1.0" encoding="UTF-8"?>
<!-- Generated by org.testng.reporters.JUnitReportReporter -->
<testsuite skipped="0" hostname="JAVED" name="Practise.CustomerIndormation" tests="4" failures="0" timestamp="2020-07-30T19:48:15 EDT" time="3.428" errors="0">
  <testcase name="testSingleContent" time="2.397" classname="Practise.CustomerIndormation"/>
  <system-out/>
  <testcase name="testMultipleContent" time="0.374" classname="Practise.CustomerIndormation"/>
  <system-out/>
  <testcase name="testusingXpath" time="0.360" classname="Practise.CustomerIndormation"/>
  <system-out/>
  <testcase name="testXpath" time="0.297" classname="Practise.CustomerIndormation"/>
  <system-out/>
</testsuite> <!-- Practise.CustomerIndormation -->
