<?xml version="1.0" encoding="UTF-8"?>
<!-- Generated by org.testng.reporters.JUnitReportReporter -->
<testsuite skipped="0" hostname="JAVED" name="LibraryApiTest.excelDriven" tests="1" failures="0" timestamp="2021-10-01T12:13:23 EDT" time="5.958" errors="0">
  <testcase name="addBook" time="5.958" classname="LibraryApiTest.excelDriven"/>
  <system-out/>
</testsuite> <!-- LibraryApiTest.excelDriven -->
