<?xml version="1.0" encoding="UTF-8"?>
<!-- Generated by org.testng.reporters.JUnitReportReporter -->
<testsuite skipped="0" hostname="JAVED" name="TestFramework.excelDriven" tests="1" failures="0" timestamp="2020-11-19T13:14:21 EST" time="5.280" errors="0">
  <testcase name="addBook" time="5.280" classname="TestFramework.excelDriven"/>
  <system-out/>
</testsuite> <!-- TestFramework.excelDriven -->
